2025-07-22 20:58:51,779 - ERROR    - - MESSAGE: Failed to create user deepak@keydraft.com: b'{"error":"HTTP 403 Forbidden","error_description":"For more on this error consult the server log at the debug level."}' - PID: 782159 - FILE: /home/deepak/Desktop/Deepak/Projects/giggle_services/app/core/keycloak.py:create_user_in_keycloak 
2025-07-22 21:01:53,321 - INFO     - - MESSAGE: User deepak@keydraft.com created with Keycloak ID aba19f78-6f10-4cad-bbc5-418b72f21953 - PID: 784517 - FILE: /home/deepak/Desktop/Deepak/Projects/giggle_services/app/core/keycloak.py:create_user_in_keycloak 
2025-07-22 21:06:00,910 - ERROR    - - MESSAGE: Failed to create user deepak@keydraft.com: b'{"errorMessage":"User exists with same email"}' - PID: 787756 - FILE: /home/deepak/Desktop/Deepak/Projects/giggle_services/app/core/keycloak.py:create_user_in_keycloak 
2025-07-22 21:07:14,535 - INFO     - - MESSAGE: User deepak@keydraft.com created with Keycloak ID bdba63de-5124-4004-b52d-95f212a018fd - PID: 788756 - FILE: /home/deepak/Desktop/Deepak/Projects/giggle_services/app/core/keycloak.py:create_user_in_keycloak 
2025-07-22 21:13:08,701 - ERROR    - - MESSAGE: Failed to create user deepak@keydraft.com: b'{"errorMessage":"User exists with same email"}' - PID: 793163 - FILE: /home/deepak/Desktop/Deepak/Projects/giggle_services/app/core/keycloak.py:create_user_in_keycloak 
2025-07-22 21:13:09,316 - ERROR    - - MESSAGE: Failed to create user deepak@keydraft.com: b'{"errorMessage":"User exists with same email"}' - PID: 793170 - FILE: /home/deepak/Desktop/Deepak/Projects/giggle_services/app/core/keycloak.py:create_user_in_keycloak 
2025-07-22 21:13:30,853 - INFO     - - MESSAGE: User deepak@keydraft.com created with Keycloak ID 6893aede-8619-4628-ae6a-30322acd22f8 - PID: 793589 - FILE: /home/deepak/Desktop/Deepak/Projects/giggle_services/app/core/keycloak.py:create_user_in_keycloak 
2025-07-22 22:21:55,311 - INFO     - - MESSAGE: User deepak+1@keydraft.com created with Keycloak ID f68d6233-9fbb-4bcf-92c5-071eaa107ecf - PID: 796953 - FILE: /home/deepak/Desktop/Deepak/Projects/giggle_services/app/core/keycloak.py:create_user_in_keycloak 
2025-07-22 22:36:27,252 - INFO     - - MESSAGE: User a3f4ee30-3d1f-460c-a9f4-67040177e41a created with Keycloak ID 9b9b3970-5399-4c1d-b57a-06fadcdcdb31 - PID: 858036 - FILE: /home/deepak/Desktop/Deepak/Projects/giggle_services/app/core/keycloak.py:create_user_in_keycloak 
2025-07-22 23:16:28,746 - INFO     - - MESSAGE: User fe9e44a2-8b71-4a5d-bb79-e0fb377e40e5 created with Keycloak ID 97b99052-7539-4fbe-a84d-8d7141ed2313 - PID: 887196 - FILE: /home/deepak/Desktop/Deepak/Projects/giggle_services/app/core/keycloak.py:create_user_in_keycloak 
2025-07-22 23:26:48,538 - INFO     - - MESSAGE: User b0b2a1d5-6d43-48ac-912e-6448149e142b created with Keycloak ID b14b76f5-3b46-4841-b822-38b4def7d109 - PID: 898562 - FILE: /home/deepak/Desktop/Deepak/Projects/giggle_services/app/core/keycloak.py:create_user_in_keycloak 
2025-07-22 23:27:19,013 - INFO     - - MESSAGE: User 41d62aa3-7cd4-4539-8067-53aad343b54e created with Keycloak ID c426e7a0-2650-45bd-8377-ba9cc5c5eccd - PID: 898562 - FILE: /home/deepak/Desktop/Deepak/Projects/giggle_services/app/core/keycloak.py:create_user_in_keycloak 
2025-07-24 21:12:07,143 - ERROR    - - MESSAGE: Invalid or expired token - PID: 659048 - FILE: /home/deepak/Desktop/Deepak/Projects/giggle_services/app/core/keycloak.py:get_current_user 
2025-07-28 13:12:44,714 - INFO     - - MESSAGE: User cf9cd256-2b93-4cb6-9def-2d4dd59fdbe0 created with Keycloak ID b5bf67d0-384a-40f1-b2e1-c9fae7d4dd7a - PID: 446065 - FILE: /home/deepak/Desktop/Deepak/Projects/giggle_services/app/core/keycloak.py:create_user_in_keycloak 
2025-08-27 16:00:14,917 - ERROR    - - MESSAGE: Failed to create user 763a2227-e391-4963-9fa3-3ec07c621422: b'{"errorMessage":"User exists with same email"}' - PID: 698066 - FILE: /home/deepak/Desktop/Deepak/Projects/giggle_services/app/core/keycloak.py:create_user_in_keycloak 
2025-08-27 16:01:02,260 - INFO     - - MESSAGE: User d186809c-29cd-47da-9e2a-81ffbcbf4a8f created with Keycloak ID 88003e87-ab23-4de5-bbd4-6ff8f6fed669 - PID: 698801 - FILE: /home/deepak/Desktop/Deepak/Projects/giggle_services/app/core/keycloak.py:create_user_in_keycloak 
2025-08-27 16:08:05,108 - ERROR    - - MESSAGE: Failed to create user 2209b98a-6b1b-400f-8f59-4ba645d06bef: b'{"errorMessage":"User exists with same email"}' - PID: 698801 - FILE: /home/deepak/Desktop/Deepak/Projects/giggle_services/app/core/keycloak.py:create_user_in_keycloak 
2025-08-27 16:08:47,097 - INFO     - - MESSAGE: User 025c441c-499a-4ba7-9ed0-03fdd833b727 created with Keycloak ID 013d16d5-48ad-4573-b6c4-27d9173cbe49 - PID: 698801 - FILE: /home/deepak/Desktop/Deepak/Projects/giggle_services/app/core/keycloak.py:create_user_in_keycloak 
2025-08-27 16:13:30,893 - INFO     - - MESSAGE: User 9adf1019-e2c4-460d-a5bb-8a29733dd3f7 created with Keycloak ID 0a6d022f-4310-4a57-aacb-4339dbc77d92 - PID: 708799 - FILE: /home/deepak/Desktop/Deepak/Projects/giggle_services/app/core/keycloak.py:create_user_in_keycloak 
2025-08-27 16:55:42,459 - INFO     - - MESSAGE: User 5f50243d-e4ff-49a6-b251-7ee75bd70072 created with Keycloak ID ce32bf4f-1530-4f49-946e-5b9260409137 - PID: 742477 - FILE: /home/deepak/Desktop/Deepak/Projects/giggle_services/app/core/keycloak.py:create_user_in_keycloak 
2025-08-27 16:57:15,919 - INFO     - - MESSAGE: User 8d89d8dd-c30d-46f4-bfa0-75d278d02752 created with Keycloak ID 6cbab1ad-d65b-4586-a3e5-0fcba4acd904 - PID: 744971 - FILE: /home/deepak/Desktop/Deepak/Projects/giggle_services/app/core/keycloak.py:create_user_in_keycloak 
2025-08-27 17:03:56,042 - INFO     - - MESSAGE: User 607f75b8-1f3b-4576-8d5f-038b853037ec created with Keycloak ID 640fe1e2-de6e-4d16-830a-b19d852847b1 - PID: 747163 - FILE: /home/deepak/Desktop/Deepak/Projects/giggle_services/app/core/keycloak.py:create_user_in_keycloak 
2025-08-27 17:28:03,341 - INFO     - - MESSAGE: User 1fd6b22c-4f23-45b0-a30f-546839065e97 created with Keycloak ID 3554ee72-30f5-44d7-83de-3ccd749b3ea1 - PID: 772466 - FILE: /home/deepak/Desktop/Deepak/Projects/giggle_services/app/core/keycloak.py:create_user_in_keycloak 
2025-08-27 17:28:37,173 - INFO     - - MESSAGE: User 42d7fd91-8a5c-425e-b4ca-1bd2243e2461 created with Keycloak ID 764d3e9c-1fb5-4922-a54b-931496a2f8e4 - PID: 773277 - FILE: /home/deepak/Desktop/Deepak/Projects/giggle_services/app/core/keycloak.py:create_user_in_keycloak 
